2025-06-02 15:26:19 [main] INFO  utils.DriverFactory - Launching chrome Browser...
2025-06-02 15:26:25 [main] INFO  base.BaseTest - Driver launched...
2025-06-02 15:26:26 [main] INFO  base.BaseTest - Url is paassed and application is loading....
2025-06-02 15:26:27 [main] INFO  tests.InventoryTest - Entered Username and Password...
2025-06-02 15:26:27 [main] INFO  tests.InventoryTest - Verifying Inventory page loads properly....
2025-06-02 15:26:27 [main] INFO  tests.InventoryTest - Inventory page loaded properly....
2025-06-02 15:26:28 [main] INFO  tests.InventoryTest - Products are added to cart successfully
2025-06-02 15:26:28 [main] INFO  tests.InventoryTest - Moved to cart section successfully
2025-06-02 15:26:29 [main] INFO  tests.InventoryTest - verifying products added in cart or not... 
2025-06-02 15:26:42 [main] INFO  base.BaseTest - Driver closed!
2025-06-02 15:26:47 [main] INFO  utils.DriverFactory - Launching chrome Browser...
2025-06-02 15:26:51 [main] INFO  base.BaseTest - Driver launched...
2025-06-02 15:26:52 [main] INFO  base.BaseTest - Url is paassed and application is loading....
2025-06-02 15:26:53 [main] INFO  tests.InventoryTest - Entered Username and Password...
2025-06-02 15:26:53 [main] INFO  tests.InventoryTest - Verifying Inventory page loads properly....
2025-06-02 15:26:53 [main] INFO  tests.InventoryTest - Inventory page loaded properly....
2025-06-02 15:26:53 [main] INFO  tests.InventoryTest - Products are added to cart successfully
2025-06-02 15:26:53 [main] INFO  tests.InventoryTest - Moved to cart section successfully
2025-06-02 15:26:54 [main] INFO  tests.InventoryTest - verifying products added in cart or not... 
2025-06-02 15:27:12 [main] INFO  base.BaseTest - Driver closed!
2025-06-02 16:58:35 [main] INFO  utils.DriverFactory - Launching chrome Browser...
2025-06-02 16:58:50 [main] INFO  base.BaseTest - Driver launched...
2025-06-02 17:16:50 [main] INFO  utils.DriverFactory - Launching chrome Browser...
2025-06-02 17:17:04 [main] INFO  base.BaseTest - Driver launched...
2025-06-02 17:17:06 [main] INFO  base.BaseTest - Url is paassed and application is loading....
2025-06-02 17:17:07 [main] INFO  tests.InventoryTest - Entered Username and Password...
2025-06-02 17:17:07 [main] INFO  tests.InventoryTest - Verifying Inventory page loads properly....
2025-06-02 17:17:07 [main] INFO  tests.InventoryTest - Inventory page loaded properly....
2025-06-02 17:17:07 [main] INFO  tests.InventoryTest - Products are added to cart successfully
2025-06-02 17:17:07 [main] INFO  tests.InventoryTest - Moved to cart section successfully
2025-06-02 17:17:08 [main] INFO  tests.InventoryTest - verifying products added in cart or not... 
2025-06-02 17:17:08 [main] INFO  tests.InventoryTest - Products added in cart successfully...
2025-06-02 17:17:09 [main] INFO  base.BaseTest - Driver closed!
2025-06-02 18:32:49 [main] INFO  utils.DriverFactory - Launching chrome Browser...
2025-06-02 18:33:06 [main] INFO  base.BaseTest - Driver launched...
2025-06-02 18:35:41 [main] INFO  utils.DriverFactory - Launching chrome Browser...
2025-06-02 18:35:54 [main] INFO  base.BaseTest - Driver launched...
2025-06-02 18:35:55 [main] INFO  base.BaseTest - Url is paassed and application is loading....
2025-06-02 18:35:58 [main] INFO  tests.InventoryTest - Entered Username and Password...
2025-06-02 18:35:58 [main] INFO  tests.InventoryTest - Verifying Inventory page loads properly....
2025-06-02 18:35:58 [main] INFO  tests.InventoryTest - Inventory page loaded properly....
2025-06-02 18:35:58 [main] INFO  tests.InventoryTest - Products are added to cart successfully
2025-06-02 18:35:58 [main] INFO  tests.InventoryTest - Moved to cart section successfully
2025-06-02 18:35:59 [main] INFO  tests.InventoryTest - verifying products added in cart or not... 
2025-06-02 18:36:14 [main] INFO  base.BaseTest - Driver closed!
2025-06-02 18:36:24 [main] INFO  utils.DriverFactory - Launching chrome Browser...
2025-06-02 18:36:29 [main] INFO  base.BaseTest - Driver launched...
2025-06-02 18:36:31 [main] INFO  base.BaseTest - Url is paassed and application is loading....
2025-06-02 18:36:32 [main] INFO  tests.InventoryTest - Entered Username and Password...
2025-06-02 18:36:32 [main] INFO  tests.InventoryTest - Verifying Inventory page loads properly....
2025-06-02 18:36:32 [main] INFO  tests.InventoryTest - Inventory page loaded properly....
2025-06-02 18:36:33 [main] INFO  tests.InventoryTest - Products are added to cart successfully
2025-06-02 18:36:33 [main] INFO  tests.InventoryTest - Moved to cart section successfully
2025-06-02 18:36:34 [main] INFO  tests.InventoryTest - verifying products added in cart or not... 
2025-06-02 18:36:48 [main] INFO  base.BaseTest - Driver closed!
2025-06-02 18:38:35 [main] INFO  utils.DriverFactory - Launching chrome Browser...
2025-06-02 18:38:40 [main] INFO  base.BaseTest - Driver launched...
2025-06-02 18:38:42 [main] INFO  base.BaseTest - Url is paassed and application is loading....
2025-06-02 18:38:42 [main] INFO  tests.InventoryTest - Entered Username and Password...
2025-06-02 18:38:42 [main] INFO  tests.InventoryTest - Verifying Inventory page loads properly....
2025-06-02 18:38:42 [main] INFO  tests.InventoryTest - Inventory page loaded properly....
2025-06-02 18:38:43 [main] INFO  tests.InventoryTest - Products are added to cart successfully
2025-06-02 18:38:43 [main] INFO  tests.InventoryTest - Moved to cart section successfully
2025-06-02 18:38:44 [main] INFO  tests.InventoryTest - verifying products added in cart or not... 
2025-06-02 18:39:00 [main] INFO  base.BaseTest - Driver closed!
2025-06-02 18:39:18 [main] INFO  utils.DriverFactory - Launching chrome Browser...
2025-06-02 18:39:21 [main] INFO  base.BaseTest - Driver launched...
2025-06-02 18:39:22 [main] INFO  base.BaseTest - Url is paassed and application is loading....
2025-06-02 18:39:24 [main] INFO  tests.InventoryTest - Entered Username and Password...
2025-06-02 18:39:24 [main] INFO  tests.InventoryTest - Verifying Inventory page loads properly....
2025-06-02 18:39:24 [main] INFO  tests.InventoryTest - Inventory page loaded properly....
2025-06-02 18:39:24 [main] INFO  tests.InventoryTest - Products are added to cart successfully
2025-06-02 18:39:24 [main] INFO  tests.InventoryTest - Moved to cart section successfully
2025-06-02 18:39:25 [main] INFO  tests.InventoryTest - verifying products added in cart or not... 
2025-06-02 18:39:36 [main] INFO  base.BaseTest - Driver closed!
2025-06-02 18:44:16 [main] INFO  utils.DriverFactory - Launching chrome Browser...
2025-06-02 18:44:21 [main] INFO  base.BaseTest - Driver launched...
2025-06-02 18:44:22 [main] INFO  base.BaseTest - Url is paassed and application is loading....
2025-06-02 18:44:23 [main] INFO  tests.InventoryTest - Entered Username and Password...
2025-06-02 18:44:23 [main] INFO  tests.InventoryTest - Verifying Inventory page loads properly....
2025-06-02 18:44:23 [main] INFO  tests.InventoryTest - Inventory page loaded properly....
2025-06-02 18:44:23 [main] INFO  tests.InventoryTest - Products are added to cart successfully
2025-06-02 18:44:24 [main] INFO  tests.InventoryTest - Moved to cart section successfully
2025-06-02 18:44:25 [main] INFO  tests.InventoryTest - verifying products added in cart or not... 
2025-06-02 18:44:35 [main] INFO  base.BaseTest - Driver closed!
2025-06-02 18:49:48 [main] INFO  utils.DriverFactory - Launching chrome Browser...
2025-06-02 18:49:56 [main] INFO  base.BaseTest - Driver launched...
2025-06-02 18:50:44 [main] INFO  utils.DriverFactory - Launching chrome Browser...
2025-06-02 18:50:48 [main] INFO  base.BaseTest - Driver launched...
2025-06-02 18:50:49 [main] INFO  base.BaseTest - Url is paassed and application is loading....
2025-06-02 18:50:50 [main] INFO  tests.InventoryTest - Entered Username and Password...
2025-06-02 18:50:50 [main] INFO  tests.InventoryTest - Verifying Inventory page loads properly....
2025-06-02 18:50:50 [main] INFO  tests.InventoryTest - Inventory page loaded properly....
2025-06-02 18:50:51 [main] INFO  tests.InventoryTest - Products are added to cart successfully
2025-06-02 18:50:51 [main] INFO  tests.InventoryTest - Moved to cart section successfully
2025-06-02 18:50:52 [main] INFO  tests.InventoryTest - verifying products added in cart or not... 
2025-06-02 18:51:03 [main] INFO  base.BaseTest - Driver closed!
2025-06-02 18:51:36 [main] INFO  utils.DriverFactory - Launching chrome Browser...
2025-06-02 18:51:39 [main] INFO  base.BaseTest - Driver launched...
2025-06-02 18:51:41 [main] INFO  base.BaseTest - Url is paassed and application is loading....
2025-06-02 18:51:42 [main] INFO  tests.InventoryTest - Entered Username and Password...
2025-06-02 18:51:42 [main] INFO  tests.InventoryTest - Verifying Inventory page loads properly....
2025-06-02 18:51:42 [main] INFO  tests.InventoryTest - Inventory page loaded properly....
2025-06-02 18:51:42 [main] INFO  tests.InventoryTest - Products are added to cart successfully
2025-06-02 18:51:42 [main] INFO  tests.InventoryTest - Moved to cart section successfully
2025-06-02 18:51:43 [main] INFO  tests.InventoryTest - verifying products added in cart or not... 
2025-06-02 18:51:43 [main] INFO  tests.InventoryTest - Products added in cart successfully...
2025-06-02 18:51:44 [main] INFO  base.BaseTest - Driver closed!
2025-06-02 18:53:47 [main] INFO  utils.DriverFactory - Launching chrome Browser...
2025-06-02 18:53:52 [main] INFO  base.BaseTest - Driver launched...
2025-06-02 18:53:54 [main] INFO  base.BaseTest - Url is paassed and application is loading....
2025-06-02 18:53:55 [main] INFO  tests.InventoryTest - Entered Username and Password...
2025-06-02 18:53:55 [main] INFO  tests.InventoryTest - Verifying Inventory page loads properly....
2025-06-02 18:53:55 [main] INFO  tests.InventoryTest - Inventory page loaded properly....
2025-06-02 18:53:55 [main] INFO  tests.InventoryTest - Products are added to cart successfully
2025-06-02 18:53:55 [main] INFO  tests.InventoryTest - Moved to cart section successfully
2025-06-02 18:53:56 [main] INFO  tests.InventoryTest - verifying products added in cart or not... 
2025-06-02 18:54:09 [main] INFO  base.BaseTest - Driver closed!
2025-06-02 21:13:48 [main] INFO  utils.DriverFactory - Launching chrome Browser...
2025-06-02 21:13:57 [main] INFO  base.BaseTest - Driver launched...
2025-06-02 21:14:33 [main] INFO  utils.DriverFactory - Launching chrome Browser...
2025-06-02 21:14:51 [main] INFO  base.BaseTest - Driver launched...
2025-06-02 21:14:53 [main] INFO  base.BaseTest - Url is paassed and application is loading....
2025-06-02 21:14:54 [main] INFO  tests.SauceDemoAutomation - Logged in with valid credentials
2025-06-02 21:14:54 [main] INFO  tests.SauceDemoAutomation - Inventory page loaded successfully
2025-06-02 21:14:55 [main] INFO  tests.SauceDemoAutomation - Added products to cart
2025-06-02 21:14:55 [main] INFO  tests.SauceDemoAutomation - Navigated to cart page
2025-06-02 21:15:07 [main] INFO  base.BaseTest - Driver closed!
2025-06-02 21:17:50 [main] INFO  utils.DriverFactory - Launching chrome Browser...
2025-06-02 21:17:59 [main] INFO  base.BaseTest - Driver launched...
2025-06-02 21:18:00 [main] INFO  base.BaseTest - Url is paassed and application is loading....
2025-06-02 21:18:01 [main] INFO  tests.InventoryTest - Entered Username and Password...
2025-06-02 21:18:01 [main] INFO  tests.InventoryTest - Verifying Inventory page loads properly....
2025-06-02 21:18:01 [main] INFO  tests.InventoryTest - Inventory page loaded properly....
2025-06-02 21:18:01 [main] INFO  tests.InventoryTest - Products are added to cart successfully
2025-06-02 21:18:02 [main] INFO  tests.InventoryTest - Moved to cart section successfully
2025-06-02 21:18:03 [main] INFO  tests.InventoryTest - verifying products added in cart or not... 
2025-06-02 21:18:17 [main] INFO  base.BaseTest - Driver closed!
2025-06-02 21:24:14 [main] INFO  utils.DriverFactory - Launching chrome Browser...
2025-06-02 21:24:21 [main] INFO  base.BaseTest - Driver launched...
2025-06-02 21:24:23 [main] INFO  base.BaseTest - Url is paassed and application is loading....
2025-06-02 21:24:24 [main] INFO  tests.SauceDemoAutomation - Logged in with valid credentials
2025-06-02 21:24:24 [main] INFO  tests.SauceDemoAutomation - Inventory page loaded successfully
2025-06-02 21:24:25 [main] INFO  tests.SauceDemoAutomation - Added products to cart
2025-06-02 21:24:25 [main] INFO  tests.SauceDemoAutomation - Navigated to cart page
2025-06-02 21:24:36 [main] INFO  base.BaseTest - Driver closed!
2025-06-02 21:26:54 [main] INFO  utils.DriverFactory - Launching chrome Browser...
2025-06-02 21:27:00 [main] INFO  base.BaseTest - Driver launched...
2025-06-02 21:27:01 [main] INFO  base.BaseTest - Url is paassed and application is loading....
2025-06-02 21:27:02 [main] INFO  tests.SauceDemoAutomation - Logged in with valid credentials
2025-06-02 21:27:02 [main] INFO  tests.SauceDemoAutomation - Inventory page loaded successfully
2025-06-02 21:27:03 [main] INFO  tests.SauceDemoAutomation - Added products to cart
2025-06-02 21:27:03 [main] INFO  tests.SauceDemoAutomation - Navigated to cart page
2025-06-02 21:40:38 [main] INFO  utils.DriverFactory - Launching chrome Browser...
2025-06-02 21:40:48 [main] INFO  base.BaseTest - Driver launched...
2025-06-02 21:40:52 [main] INFO  base.BaseTest - Url is paassed and application is loading....
2025-06-02 21:40:55 [main] INFO  tests.SauceDemoAutomation - Logged in with valid credentials
2025-06-02 21:40:55 [main] INFO  tests.SauceDemoAutomation - Inventory page loaded successfully
2025-06-02 21:40:55 [main] INFO  tests.SauceDemoAutomation - Added products to cart
2025-06-02 21:40:56 [main] INFO  tests.SauceDemoAutomation - Navigated to cart page
2025-06-02 21:54:38 [main] INFO  utils.DriverFactory - Launching chrome Browser...
2025-06-02 21:54:42 [main] INFO  base.BaseTest - Driver launched...
2025-06-02 21:55:07 [main] INFO  utils.DriverFactory - Launching chrome Browser...
2025-06-02 21:55:11 [main] INFO  base.BaseTest - Driver launched...
2025-06-02 21:55:12 [main] INFO  base.BaseTest - Url is paassed and application is loading....
2025-06-02 21:55:13 [main] INFO  tests.SauceDemoAutomation - Logged in with valid credentials
2025-06-02 21:55:13 [main] INFO  tests.SauceDemoAutomation - Inventory page loaded successfully
2025-06-02 21:55:13 [main] INFO  tests.SauceDemoAutomation - Added products to cart
2025-06-02 21:55:13 [main] INFO  tests.SauceDemoAutomation - Navigated to cart page
2025-06-02 22:01:48 [main] INFO  utils.DriverFactory - Launching chrome Browser...
2025-06-02 22:01:55 [main] INFO  base.BaseTest - Driver launched...
2025-06-02 22:01:56 [main] INFO  base.BaseTest - Url is paassed and application is loading....
2025-06-02 22:01:57 [main] INFO  tests.SauceDemoAutomation - Logged in with valid credentials
2025-06-02 22:01:57 [main] INFO  tests.SauceDemoAutomation - Inventory page loaded successfully
2025-06-02 22:01:57 [main] INFO  tests.SauceDemoAutomation - Added products to cart
2025-06-02 22:01:57 [main] INFO  tests.SauceDemoAutomation - Navigated to cart page
2025-06-02 22:04:16 [main] INFO  utils.DriverFactory - Launching chrome Browser...
2025-06-02 22:04:20 [main] INFO  base.BaseTest - Driver launched...
2025-06-02 22:04:21 [main] INFO  base.BaseTest - Url is paassed and application is loading....
2025-06-02 22:04:22 [main] INFO  tests.SauceDemoAutomation - Logged in with valid credentials
2025-06-02 22:04:22 [main] INFO  tests.SauceDemoAutomation - Inventory page loaded successfully
2025-06-02 22:04:23 [main] INFO  tests.SauceDemoAutomation - Added products to cart
2025-06-02 22:04:23 [main] INFO  tests.SauceDemoAutomation - Navigated to cart page
2025-06-02 22:05:27 [main] INFO  utils.DriverFactory - Launching chrome Browser...
2025-06-02 22:05:29 [main] INFO  base.BaseTest - Driver launched...
2025-06-02 22:05:30 [main] INFO  base.BaseTest - Url is paassed and application is loading....
2025-06-02 22:05:31 [main] INFO  tests.SauceDemoAutomation - Logged in with valid credentials
2025-06-02 22:05:31 [main] INFO  tests.SauceDemoAutomation - Inventory page loaded successfully
2025-06-02 22:05:32 [main] INFO  tests.SauceDemoAutomation - Added products to cart
2025-06-02 22:05:32 [main] INFO  tests.SauceDemoAutomation - Navigated to cart page
2025-06-02 22:06:35 [main] INFO  utils.DriverFactory - Launching chrome Browser...
2025-06-02 22:06:38 [main] INFO  base.BaseTest - Driver launched...
2025-06-02 22:06:39 [main] INFO  base.BaseTest - Url is paassed and application is loading....
2025-06-02 22:06:39 [main] INFO  tests.SauceDemoAutomation - Logged in with valid credentials
2025-06-02 22:06:39 [main] INFO  tests.SauceDemoAutomation - Inventory page loaded successfully
2025-06-02 22:06:40 [main] INFO  tests.SauceDemoAutomation - Added products to cart
2025-06-02 22:06:40 [main] INFO  tests.SauceDemoAutomation - Navigated to cart page
2025-06-02 22:07:12 [main] INFO  utils.DriverFactory - Launching chrome Browser...
2025-06-02 22:07:17 [main] INFO  base.BaseTest - Driver launched...
2025-06-02 22:07:18 [main] INFO  base.BaseTest - Url is paassed and application is loading....
2025-06-02 22:07:19 [main] INFO  tests.SauceDemoAutomation - Logged in with valid credentials
2025-06-02 22:07:19 [main] INFO  tests.SauceDemoAutomation - Inventory page loaded successfully
2025-06-02 22:07:19 [main] INFO  tests.SauceDemoAutomation - Added products to cart
2025-06-02 22:07:19 [main] INFO  tests.SauceDemoAutomation - Navigated to cart page
2025-06-02 22:08:41 [main] INFO  utils.DriverFactory - Launching chrome Browser...
2025-06-02 22:08:44 [main] INFO  base.BaseTest - Driver launched...
2025-06-02 22:08:44 [main] INFO  base.BaseTest - Url is paassed and application is loading....
2025-06-02 22:08:45 [main] INFO  tests.SauceDemoAutomation - Logged in with valid credentials
2025-06-02 22:08:45 [main] INFO  tests.SauceDemoAutomation - Inventory page loaded successfully
2025-06-02 22:08:45 [main] INFO  tests.SauceDemoAutomation - Added products to cart
2025-06-02 22:08:46 [main] INFO  tests.SauceDemoAutomation - Navigated to cart page
2025-06-02 22:12:06 [main] INFO  utils.DriverFactory - Launching chrome Browser...
2025-06-02 22:12:09 [main] INFO  base.BaseTest - Driver launched...
2025-06-02 22:12:10 [main] INFO  base.BaseTest - Url is paassed and application is loading....
2025-06-02 22:12:11 [main] INFO  tests.SauceDemoAutomation - Logged in with valid credentials
2025-06-02 22:12:11 [main] INFO  tests.SauceDemoAutomation - Inventory page loaded successfully
2025-06-02 22:12:11 [main] INFO  tests.SauceDemoAutomation - Added products to cart
2025-06-02 22:12:12 [main] INFO  tests.SauceDemoAutomation - Navigated to cart page
2025-06-02 22:14:02 [main] INFO  utils.DriverFactory - Launching chrome Browser...
2025-06-02 22:14:06 [main] INFO  base.BaseTest - Driver launched...
2025-06-02 22:14:09 [main] INFO  base.BaseTest - Url is paassed and application is loading....
2025-06-02 22:14:10 [main] INFO  tests.SauceDemoAutomation - Logged in with valid credentials
2025-06-02 22:14:10 [main] INFO  tests.SauceDemoAutomation - Inventory page loaded successfully
2025-06-02 22:14:10 [main] INFO  tests.SauceDemoAutomation - Added products to cart
2025-06-02 22:14:10 [main] INFO  tests.SauceDemoAutomation - Navigated to cart page
2025-06-02 22:14:10 [main] INFO  tests.SauceDemoAutomation - Verified products in cart
2025-06-02 22:14:11 [main] INFO  tests.SauceDemoAutomation - Clicked checkout button
2025-06-02 22:14:11 [main] INFO  tests.SauceDemoAutomation - Entered checkout details
2025-06-02 22:14:47 [main] INFO  utils.DriverFactory - Launching chrome Browser...
2025-06-02 22:14:54 [main] INFO  base.BaseTest - Driver launched...
2025-06-02 22:14:55 [main] INFO  base.BaseTest - Url is paassed and application is loading....
2025-06-02 22:14:56 [main] INFO  tests.SauceDemoAutomation - Logged in with valid credentials
2025-06-02 22:14:56 [main] INFO  tests.SauceDemoAutomation - Inventory page loaded successfully
2025-06-02 22:14:56 [main] INFO  tests.SauceDemoAutomation - Added products to cart
2025-06-02 22:14:57 [main] INFO  tests.SauceDemoAutomation - Navigated to cart page
2025-06-02 22:15:12 [main] INFO  utils.DriverFactory - Launching chrome Browser...
2025-06-02 22:15:15 [main] INFO  base.BaseTest - Driver launched...
2025-06-02 22:15:16 [main] INFO  base.BaseTest - Url is paassed and application is loading....
2025-06-02 22:15:17 [main] INFO  tests.SauceDemoAutomation - Logged in with valid credentials
2025-06-02 22:15:17 [main] INFO  tests.SauceDemoAutomation - Inventory page loaded successfully
2025-06-02 22:15:18 [main] INFO  tests.SauceDemoAutomation - Added products to cart
2025-06-02 22:15:18 [main] INFO  tests.SauceDemoAutomation - Navigated to cart page
2025-06-02 22:15:48 [main] INFO  utils.DriverFactory - Launching chrome Browser...
2025-06-02 22:15:52 [main] INFO  base.BaseTest - Driver launched...
2025-06-02 22:15:53 [main] INFO  base.BaseTest - Url is paassed and application is loading....
2025-06-02 22:15:54 [main] INFO  tests.SauceDemoAutomation - Logged in with valid credentials
2025-06-02 22:15:54 [main] INFO  tests.SauceDemoAutomation - Inventory page loaded successfully
2025-06-02 22:15:54 [main] INFO  tests.SauceDemoAutomation - Added products to cart
2025-06-02 22:15:54 [main] INFO  tests.SauceDemoAutomation - Navigated to cart page
2025-06-02 22:16:04 [main] INFO  utils.DriverFactory - Launching chrome Browser...
2025-06-02 22:16:09 [main] INFO  base.BaseTest - Driver launched...
2025-06-02 22:16:10 [main] INFO  base.BaseTest - Url is paassed and application is loading....
2025-06-02 22:16:11 [main] INFO  tests.SauceDemoAutomation - Logged in with valid credentials
2025-06-02 22:16:11 [main] INFO  tests.SauceDemoAutomation - Inventory page loaded successfully
2025-06-02 22:16:11 [main] INFO  tests.SauceDemoAutomation - Added products to cart
2025-06-02 22:16:12 [main] INFO  tests.SauceDemoAutomation - Navigated to cart page
2025-06-02 22:16:48 [main] INFO  utils.DriverFactory - Launching chrome Browser...
2025-06-02 22:16:50 [main] INFO  base.BaseTest - Driver launched...
2025-06-02 22:16:51 [main] INFO  base.BaseTest - Url is paassed and application is loading....
2025-06-02 22:16:52 [main] INFO  tests.SauceDemoAutomation - Logged in with valid credentials
2025-06-02 22:16:52 [main] INFO  tests.SauceDemoAutomation - Inventory page loaded successfully
2025-06-02 22:16:52 [main] INFO  tests.SauceDemoAutomation - Added products to cart
2025-06-02 22:16:52 [main] INFO  tests.SauceDemoAutomation - Navigated to cart page
2025-06-02 22:17:10 [main] INFO  utils.DriverFactory - Launching chrome Browser...
2025-06-02 22:17:13 [main] INFO  base.BaseTest - Driver launched...
2025-06-02 22:17:14 [main] INFO  base.BaseTest - Url is paassed and application is loading....
2025-06-02 22:17:15 [main] INFO  tests.SauceDemoAutomation - Logged in with valid credentials
2025-06-02 22:17:15 [main] INFO  tests.SauceDemoAutomation - Inventory page loaded successfully
2025-06-02 22:17:15 [main] INFO  tests.SauceDemoAutomation - Added products to cart
2025-06-02 22:17:15 [main] INFO  tests.SauceDemoAutomation - Navigated to cart page
2025-06-02 22:18:00 [main] INFO  utils.DriverFactory - Launching chrome Browser...
2025-06-02 22:18:03 [main] INFO  base.BaseTest - Driver launched...
2025-06-02 22:18:04 [main] INFO  base.BaseTest - Url is paassed and application is loading....
2025-06-02 22:18:05 [main] INFO  tests.SauceDemoAutomation - Logged in with valid credentials
2025-06-02 22:18:05 [main] INFO  tests.SauceDemoAutomation - Inventory page loaded successfully
2025-06-02 22:18:05 [main] INFO  tests.SauceDemoAutomation - Added products to cart
2025-06-02 22:18:05 [main] INFO  tests.SauceDemoAutomation - Navigated to cart page
2025-06-02 22:18:41 [main] INFO  utils.DriverFactory - Launching chrome Browser...
2025-06-02 22:18:44 [main] INFO  base.BaseTest - Driver launched...
2025-06-02 22:18:46 [main] INFO  base.BaseTest - Url is paassed and application is loading....
2025-06-02 22:18:46 [main] INFO  tests.SauceDemoAutomation - Logged in with valid credentials
2025-06-02 22:18:46 [main] INFO  tests.SauceDemoAutomation - Inventory page loaded successfully
2025-06-02 22:18:46 [main] INFO  tests.SauceDemoAutomation - Added products to cart
2025-06-02 22:18:47 [main] INFO  tests.SauceDemoAutomation - Navigated to cart page
2025-06-02 22:18:47 [main] INFO  tests.SauceDemoAutomation - Verified products in cart
2025-06-02 22:18:47 [main] INFO  tests.SauceDemoAutomation - Clicked checkout button
2025-06-02 22:19:43 [main] INFO  utils.DriverFactory - Launching chrome Browser...
2025-06-02 22:19:46 [main] INFO  base.BaseTest - Driver launched...
2025-06-02 22:19:46 [main] INFO  base.BaseTest - Url is paassed and application is loading....
2025-06-02 22:19:47 [main] INFO  tests.SauceDemoAutomation - Logged in with valid credentials
2025-06-02 22:19:47 [main] INFO  tests.SauceDemoAutomation - Inventory page loaded successfully
2025-06-02 22:19:48 [main] INFO  tests.SauceDemoAutomation - Added products to cart
2025-06-02 22:19:48 [main] INFO  tests.SauceDemoAutomation - Navigated to cart page
2025-06-02 22:23:43 [main] INFO  utils.DriverFactory - Launching chrome Browser...
2025-06-02 22:23:47 [main] INFO  base.BaseTest - Driver launched...
2025-06-02 22:23:50 [main] INFO  base.BaseTest - Url is paassed and application is loading....
2025-06-02 22:23:50 [main] INFO  tests.SauceDemoAutomation - Logged in with valid credentials
2025-06-02 22:23:50 [main] INFO  tests.SauceDemoAutomation - Inventory page loaded successfully
2025-06-02 22:23:51 [main] INFO  tests.SauceDemoAutomation - Added products to cart
2025-06-02 22:23:51 [main] INFO  tests.SauceDemoAutomation - Navigated to cart page
2025-06-02 22:23:51 [main] INFO  tests.SauceDemoAutomation - Verified products in cart
2025-06-02 22:23:51 [main] INFO  tests.SauceDemoAutomation - Clicked checkout button
2025-06-02 22:23:51 [main] INFO  tests.SauceDemoAutomation - Entered checkout details
2025-06-02 22:23:51 [main] INFO  tests.SauceDemoAutomation - Clicked Finish to complete order
2025-06-02 22:24:40 [main] INFO  utils.DriverFactory - Launching chrome Browser...
2025-06-02 22:24:43 [main] INFO  base.BaseTest - Driver launched...
2025-06-02 22:24:44 [main] INFO  base.BaseTest - Url is paassed and application is loading....
2025-06-02 22:24:45 [main] INFO  tests.SauceDemoAutomation - Logged in with valid credentials
2025-06-02 22:24:45 [main] INFO  tests.SauceDemoAutomation - Inventory page loaded successfully
2025-06-02 22:24:45 [main] INFO  tests.SauceDemoAutomation - Added products to cart
2025-06-02 22:24:45 [main] INFO  tests.SauceDemoAutomation - Navigated to cart page
2025-06-02 22:24:45 [main] INFO  tests.SauceDemoAutomation - Verified products in cart
2025-06-02 22:24:46 [main] INFO  tests.SauceDemoAutomation - Clicked checkout button
2025-06-02 22:24:46 [main] INFO  tests.SauceDemoAutomation - Entered checkout details
2025-06-02 22:24:46 [main] INFO  tests.SauceDemoAutomation - Clicked Finish to complete order
2025-06-02 22:25:47 [main] INFO  utils.DriverFactory - Launching chrome Browser...
2025-06-02 22:25:50 [main] INFO  base.BaseTest - Driver launched...
2025-06-02 22:25:51 [main] INFO  base.BaseTest - Url is paassed and application is loading....
2025-06-02 22:25:52 [main] INFO  tests.SauceDemoAutomation - Logged in with valid credentials
2025-06-02 22:25:52 [main] INFO  tests.SauceDemoAutomation - Inventory page loaded successfully
2025-06-02 22:25:52 [main] INFO  tests.SauceDemoAutomation - Added products to cart
2025-06-02 22:25:52 [main] INFO  tests.SauceDemoAutomation - Navigated to cart page
2025-06-02 22:25:52 [main] INFO  tests.SauceDemoAutomation - Verified products in cart
2025-06-02 22:25:53 [main] INFO  tests.SauceDemoAutomation - Clicked checkout button
2025-06-02 22:25:53 [main] INFO  tests.SauceDemoAutomation - Entered checkout details
2025-06-02 22:25:53 [main] INFO  tests.SauceDemoAutomation - Clicked Finish to complete order
2025-06-02 22:25:53 [main] INFO  tests.SauceDemoAutomation - Order completed successfully
2025-06-02 22:25:55 [main] INFO  tests.SauceDemoAutomation - Screenshot of order confirmation saved
2025-06-02 22:28:55 [main] INFO  utils.DriverFactory - Launching chrome Browser...
2025-06-02 22:29:00 [main] INFO  base.BaseTest - Driver launched...
2025-06-02 22:29:02 [main] INFO  base.BaseTest - Url is paassed and application is loading....
2025-06-02 22:29:03 [main] INFO  tests.SauceDemoAutomation - Logged in with valid credentials
2025-06-02 22:29:03 [main] INFO  tests.SauceDemoAutomation - Inventory page loaded successfully
2025-06-02 22:29:03 [main] INFO  tests.SauceDemoAutomation - Added products to cart
2025-06-02 22:29:03 [main] INFO  tests.SauceDemoAutomation - Navigated to cart page
2025-06-02 22:29:03 [main] INFO  tests.SauceDemoAutomation - Verified products in cart
2025-06-02 22:29:03 [main] INFO  tests.SauceDemoAutomation - Clicked checkout button
2025-06-02 22:29:04 [main] INFO  tests.SauceDemoAutomation - Entered checkout details
2025-06-02 22:29:04 [main] INFO  tests.SauceDemoAutomation - Clicked Finish to complete order
2025-06-02 22:29:04 [main] INFO  tests.SauceDemoAutomation - Order completed successfully
2025-06-02 22:29:06 [main] INFO  tests.SauceDemoAutomation - Screenshot of order confirmation saved
2025-06-03 17:10:59 [main] INFO  utils.DriverFactory - Launching chrome Browser...
2025-06-03 17:12:06 [main] INFO  base.BaseTest - Driver launched...
2025-06-03 17:12:06 [main] INFO  base.BaseTest - Url is paassed and application is loading....
2025-06-03 17:12:10 [main] INFO  tests.SauceDemoAutomation - Logged in with valid credentials
2025-06-03 17:12:10 [main] INFO  tests.SauceDemoAutomation - Inventory page loaded successfully
2025-06-03 17:12:10 [main] INFO  tests.SauceDemoAutomation - Added products to cart
2025-06-03 17:12:10 [main] INFO  tests.SauceDemoAutomation - Navigated to cart page
2025-06-03 17:12:11 [main] INFO  tests.SauceDemoAutomation - Verified products in cart
2025-06-03 17:12:11 [main] INFO  tests.SauceDemoAutomation - Clicked checkout button
2025-06-03 17:12:11 [main] INFO  tests.SauceDemoAutomation - Entered checkout details
2025-06-03 17:12:12 [main] INFO  tests.SauceDemoAutomation - Clicked Finish to complete order
2025-06-03 17:12:12 [main] INFO  tests.SauceDemoAutomation - Order completed successfully
2025-06-03 17:12:15 [main] INFO  tests.SauceDemoAutomation - Screenshot of order confirmation saved
2025-06-03 17:12:18 [main] INFO  base.BaseTest - Driver closed!
2025-06-12 12:15:15 [main] INFO  utils.DriverFactory - Launching chrome Browser...
2025-06-12 12:15:20 [main] INFO  base.BaseTest - Driver launched...
2025-06-12 12:15:22 [main] INFO  base.BaseTest - Url is paassed and application is loading....
2025-06-12 12:15:23 [main] INFO  tests.SauceDemoAutomation - Logged in with valid credentials
2025-06-12 12:15:23 [main] INFO  tests.SauceDemoAutomation - Inventory page loaded successfully
2025-06-12 12:15:23 [main] INFO  tests.SauceDemoAutomation - Added products to cart
2025-06-12 12:15:23 [main] INFO  tests.SauceDemoAutomation - Navigated to cart page
2025-06-12 12:15:23 [main] INFO  tests.SauceDemoAutomation - Verified products in cart
2025-06-12 12:15:24 [main] INFO  tests.SauceDemoAutomation - Clicked checkout button
2025-06-12 12:15:24 [main] INFO  tests.SauceDemoAutomation - Entered checkout details
2025-06-12 12:15:24 [main] INFO  tests.SauceDemoAutomation - Clicked Finish to complete order
2025-06-12 12:15:24 [main] INFO  tests.SauceDemoAutomation - Order completed successfully
2025-06-12 12:15:26 [main] INFO  tests.SauceDemoAutomation - Screenshot of order confirmation saved
2025-06-12 12:15:26 [main] INFO  base.BaseTest - Driver closed!
2025-06-12 14:54:26 [main] INFO  utils.DriverFactory - Launching chrome Browser...
2025-06-12 14:57:16 [main] INFO  utils.DriverFactory - Launching chrome Browser...
2025-06-12 15:02:35 [main] INFO  utils.DriverFactory - Launching chrome Browser...
2025-06-12 15:04:07 [main] INFO  utils.DriverFactory - Launching chrome Browser...
